[debug] [2025-07-04T19:52:21.131Z] ----------------------------------------------------------------------
[debug] [2025-07-04T19:52:21.133Z] Command:       /Users/ngatyebrianoko/.nvm/versions/node/v20.18.0/bin/node /Users/ngatyebrianoko/.nvm/versions/node/v20.18.0/bin/firebase init
[debug] [2025-07-04T19:52:21.134Z] CLI Version:   14.9.0
[debug] [2025-07-04T19:52:21.134Z] Platform:      darwin
[debug] [2025-07-04T19:52:21.134Z] Node Version:  v20.18.0
[debug] [2025-07-04T19:52:21.134Z] Time:          Fri Jul 04 2025 20:52:21 GMT+0100 (British Summer Time)
[debug] [2025-07-04T19:52:21.134Z] ----------------------------------------------------------------------
[debug] 
[debug] [2025-07-04T19:52:21.258Z] > command requires scopes: ["email","openid","https://www.googleapis.com/auth/cloudplatformprojects.readonly","https://www.googleapis.com/auth/firebase","https://www.googleapis.com/auth/cloud-platform"]
[debug] [2025-07-04T19:52:21.259Z] > authorizing via signed-in user (brianoko@gmail.com)
[info] 
     ######## #### ########  ######## ########     ###     ######  ########
     ##        ##  ##     ## ##       ##     ##  ##   ##  ##       ##
     ######    ##  ########  ######   ########  #########  ######  ######
     ##        ##  ##    ##  ##       ##     ## ##     ##       ## ##
     ##       #### ##     ## ######## ########  ##     ##  ######  ########

You're about to initialize a Firebase project in this directory:

  /Users/ngatyebrianoko/Documents/Design Projects/Explorimentalist/GPT_apps/epàlwi-rèbbo

Before we get started, keep in mind:

  * You are initializing within an existing Firebase project directory

[info] 
=== Project Setup
[info] 
[info] First, let's associate this project directory with a Firebase project.
[info] You can create multiple project aliases by running firebase use --add, 
[info] but for now we'll just set up a default project.
[info] 
[debug] [2025-07-04T19:53:41.305Z] Checked if tokens are valid: true, expires at: 1751662314741
[debug] [2025-07-04T19:53:41.306Z] Checked if tokens are valid: true, expires at: 1751662314741
[debug] [2025-07-04T19:53:41.308Z] >>> [apiv2][query] GET https://firebase.googleapis.com/v1beta1/projects pageSize=100
[debug] [2025-07-04T19:53:42.098Z] <<< [apiv2][status] GET https://firebase.googleapis.com/v1beta1/projects 200
[debug] [2025-07-04T19:53:42.098Z] <<< [apiv2][body] GET https://firebase.googleapis.com/v1beta1/projects [omitted]
[info] i  Using project epalwi-rebbo (epalwi-rebbo) 
[info] 
=== Hosting Setup
[debug] [2025-07-04T19:53:52.641Z] Checked if tokens are valid: true, expires at: 1751662314741
[debug] [2025-07-04T19:53:52.642Z] Checked if tokens are valid: true, expires at: 1751662314741
[debug] [2025-07-04T19:53:52.642Z] >>> [apiv2][query] GET https://firebase.googleapis.com/v1beta1/projects/epalwi-rebbo [none]
[debug] [2025-07-04T19:53:52.931Z] <<< [apiv2][status] GET https://firebase.googleapis.com/v1beta1/projects/epalwi-rebbo 200
[debug] [2025-07-04T19:53:52.931Z] <<< [apiv2][body] GET https://firebase.googleapis.com/v1beta1/projects/epalwi-rebbo {"projectId":"epalwi-rebbo","projectNumber":"331415551469","displayName":"epalwi-rebbo","name":"projects/epalwi-rebbo","resources":{"hostingSite":"epalwi-rebbo","realtimeDatabaseInstance":"epalwi-rebbo-default-rtdb"},"state":"ACTIVE","etag":"1_ce1f2739-87cf-4df6-90ce-a6f2d9454ed3"}
[info] 
[info] Your public directory is the folder (relative to your project directory) that
[info] will contain Hosting assets to be uploaded with firebase deploy. If you
[info] have a build process for your assets, use your build's output directory.
[info] 
[debug] [2025-07-05T06:28:27.273Z] >>> [apiv2][query] GET https://www.gstatic.com/firebasejs/releases.json [none]
[debug] [2025-07-05T06:28:27.389Z] <<< [apiv2][status] GET https://www.gstatic.com/firebasejs/releases.json 200
[debug] [2025-07-05T06:28:27.389Z] <<< [apiv2][body] GET https://www.gstatic.com/firebasejs/releases.json {"current":{"version":"11.10.0","browserURL":"https://www.gstatic.com/firebasejs/11.10.0/firebase.js","packageURL":"https://www.gstatic.com/firebasejs/11.10.0/firebase.tgz"},"live":{"version":"11.10","browserURL":"https://www.gstatic.com/firebasejs/live/11.10/firebase.js","packageURL":"https://www.gstatic.com/firebasejs/live/11.10/firebase.tgz"},"components":{"ai":"https://www.gstatic.com/firebasejs/11.10.0/firebase-ai.js","analytics":"https://www.gstatic.com/firebasejs/11.10.0/firebase-analytics.js","app":"https://www.gstatic.com/firebasejs/11.10.0/firebase-app.js","app-check":"https://www.gstatic.com/firebasejs/11.10.0/firebase-app-check.js","auth":"https://www.gstatic.com/firebasejs/11.10.0/firebase-auth.js","auth/cordova":"https://www.gstatic.com/firebasejs/11.10.0/firebase-auth/cordova.js","auth/web-extension":"https://www.gstatic.com/firebasejs/11.10.0/firebase-auth/web-extension.js","functions":"https://www.gstatic.com/firebasejs/11.10.0/firebase-functions.js","firestore":"https://www.gstatic.com/firebasejs/11.10.0/firebase-firestore.js","firestore/lite":"https://www.gstatic.com/firebasejs/11.10.0/firebase-firestore/lite.js","installations":"https://www.gstatic.com/firebasejs/11.10.0/firebase-installations.js","storage":"https://www.gstatic.com/firebasejs/11.10.0/firebase-storage.js","performance":"https://www.gstatic.com/firebasejs/11.10.0/firebase-performance.js","remote-config":"https://www.gstatic.com/firebasejs/11.10.0/firebase-remote-config.js","messaging":"https://www.gstatic.com/firebasejs/11.10.0/firebase-messaging.js","messaging/sw":"https://www.gstatic.com/firebasejs/11.10.0/firebase-messaging/sw.js","database":"https://www.gstatic.com/firebasejs/11.10.0/firebase-database.js","vertexai":"https://www.gstatic.com/firebasejs/11.10.0/firebase-vertexai.js","data-connect":"https://www.gstatic.com/firebasejs/11.10.0/firebase-data-connect.js","firestore.memory":"https://www.gstatic.com/firebasejs/11.10.0/firebase-firestore.memory.js"}}
[info] ✔  Wrote public/index.html 
[info] 
[info] i  Didn't detect a .git folder. Assuming /Users/ngatyebrianoko/Documents/Design Projects/Explorimentalist/GPT_apps/epàlwi-rèbbo is the project root. 
[info] i  Authorizing with GitHub to upload your service account to a GitHub repository's secrets store. 
[info] 
[info] Visit this URL on this device to log in:
[info] https://github.com/login/oauth/authorize?client_id=89cf50f02ac6aaed3484&state=426845492&redirect_uri=http%3A%2F%2Flocalhost%3A9005&scope=read%3Auser%20repo%20public_repo
[info] 
[info] Waiting for authentication...
[debug] [2025-07-05T06:29:37.047Z] >>> [apiv2][query] POST https://github.com/login/oauth/access_token [none]
[debug] [2025-07-05T06:29:37.047Z] >>> [apiv2][body] POST https://github.com/login/oauth/access_token [stream]
[debug] [2025-07-05T06:29:37.381Z] <<< [apiv2][status] POST https://github.com/login/oauth/access_token 200
[debug] [2025-07-05T06:29:37.381Z] <<< [apiv2][body] POST https://github.com/login/oauth/access_token {"access_token":"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","token_type":"bearer","scope":"read:user,repo"}
[debug] [2025-07-05T06:29:37.393Z] >>> [apiv2][query] GET https://api.github.com/user [none]
[debug] [2025-07-05T06:29:37.820Z] <<< [apiv2][status] GET https://api.github.com/user 200
[debug] [2025-07-05T06:29:37.820Z] <<< [apiv2][body] GET https://api.github.com/user {"login":"Explorimentalist","id":73285549,"node_id":"MDQ6VXNlcjczMjg1NTQ5","avatar_url":"https://avatars.githubusercontent.com/u/73285549?v=4","gravatar_id":"","url":"https://api.github.com/users/Explorimentalist","html_url":"https://github.com/Explorimentalist","followers_url":"https://api.github.com/users/Explorimentalist/followers","following_url":"https://api.github.com/users/Explorimentalist/following{/other_user}","gists_url":"https://api.github.com/users/Explorimentalist/gists{/gist_id}","starred_url":"https://api.github.com/users/Explorimentalist/starred{/owner}{/repo}","subscriptions_url":"https://api.github.com/users/Explorimentalist/subscriptions","organizations_url":"https://api.github.com/users/Explorimentalist/orgs","repos_url":"https://api.github.com/users/Explorimentalist/repos","events_url":"https://api.github.com/users/Explorimentalist/events{/privacy}","received_events_url":"https://api.github.com/users/Explorimentalist/received_events","type":"User","user_view_type":"private","site_admin":false,"name":null,"company":null,"blog":"","location":null,"email":null,"hireable":null,"bio":null,"twitter_username":null,"notification_email":null,"public_repos":9,"public_gists":0,"followers":0,"following":0,"created_at":"2020-10-22T10:40:42Z","updated_at":"2025-06-17T08:57:30Z","private_gists":0,"total_private_repos":1,"owned_private_repos":1,"disk_usage":693411,"collaborators":0,"two_factor_authentication":false,"plan":{"name":"free","space":976562499,"collaborators":0,"private_repos":10000}}
[info] 
[info] ✔  Success! Logged into GitHub as Explorimentalist 
[info] 
